ID PThresh OR Pvalue Beta SE CI95_lower CI95_upper NAnnotThesh NAnnot NThresh N linkID Annotation Celltype Tissue Type Category
1 0.01 1.50893924457326 0.000103901129910859 0.411406916929619 0.105997295220217 0.203652218297994 0.619161615561244 331 817 834 2308 0 cisCRDQTLs_hist_mono_mean.txt 0 0 0 0
1 0.001 1.5373851064997 0.00025700134614255 0.430082990426432 0.117663962141665 0.199461624628768 0.660704356224096 223 817 537 2308 0 cisCRDQTLs_hist_mono_mean.txt 0 0 0 0
1 1e-04 1.59613938726893 0.000307548685448497 0.467587830595639 0.12956672664441 0.213637046372596 0.721538614818682 172 817 405 2308 0 cisCRDQTLs_hist_mono_mean.txt 0 0 0 0
1 1e-05 1.72491842777987 9.56011796646507e-05 0.545179761121644 0.139736184200183 0.271296840089285 0.819062682154004 146 817 326 2308 0 cisCRDQTLs_hist_mono_mean.txt 0 0 0 0
1 5e-08 1.75960916444683 0.000371110966645225 0.565091718734624 0.158741714808424 0.253957957710112 0.876225479759136 106 817 234 2308 0 cisCRDQTLs_hist_mono_mean.txt 0 0 0 0
1 1e-09 1.93891923556855 0.000110835646077038 0.662130722772365 0.171289830876915 0.326402654253613 0.997858791291118 91 817 194 2308 0 cisCRDQTLs_hist_mono_mean.txt 0 0 0 0
2 0.01 1.46017783292286 0.000626891767881116 0.378558231674635 0.110699103908046 0.161587988014866 0.595528475334405 281 654 834 2308 1 cisCRDQTLs_hist_neut_mean.txt 0 0 0 0
2 0.001 1.53383910841475 0.000419282821337181 0.427773813751264 0.12126347326758 0.190097406146807 0.665450221355721 191 654 537 2308 1 cisCRDQTLs_hist_neut_mean.txt 0 0 0 0
2 1e-04 1.74408010421899 2.54303534147664e-05 0.556227255750204 0.132090807091869 0.297329273850141 0.815125237650267 156 654 405 2308 1 cisCRDQTLs_hist_neut_mean.txt 0 0 0 0
2 1e-05 1.76907764810193 6.02292425030922e-05 0.570458307997234 0.142191172062072 0.291763610755574 0.849153005238895 129 654 326 2308 1 cisCRDQTLs_hist_neut_mean.txt 0 0 0 0
2 5e-08 1.89829852394986 6.33903650414947e-05 0.640957971249844 0.160246656820491 0.326874523881682 0.955041418618006 97 654 234 2308 1 cisCRDQTLs_hist_neut_mean.txt 0 0 0 0
2 1e-09 2.16080524876683 7.52836676757808e-06 0.770480952578303 0.172052421133886 0.433258207155886 1.10770369800072 85 654 194 2308 1 cisCRDQTLs_hist_neut_mean.txt 0 0 0 0
3 0.01 0.818396470066009 0.289088140160243 -0.200408377567599 0.189042372986009 -0.570931428620177 0.17011467348498 64 182 834 2308 2 cisCRDQTLs_hist_tcell_mean.txt 0 0 0 0
3 0.001 1.07919059815903 0.707931615390297 0.0762113140119198 0.203427937552067 -0.322507443590132 0.474930071613972 46 182 537 2308 2 cisCRDQTLs_hist_tcell_mean.txt 0 0 0 0
3 1e-04 1.10151246565729 0.66277379068132 0.0966842041796878 0.221708649326754 -0.337864748500749 0.531233156860125 36 182 405 2308 2 cisCRDQTLs_hist_tcell_mean.txt 0 0 0 0
3 1e-05 1.01970087371165 0.936341912716442 0.019509323219732 0.244268323454383 -0.459256590750858 0.498275237190322 27 182 326 2308 2 cisCRDQTLs_hist_tcell_mean.txt 0 0 0 0
3 5e-08 0.751320024465472 0.350714051227876 -0.2859235868736 0.306388776266504 -0.886445588355949 0.314598414608748 16 182 234 2308 2 cisCRDQTLs_hist_tcell_mean.txt 0 0 0 0
3 1e-09 0.608876501207265 0.167015202789187 -0.496139821315846 0.359038121520841 -1.1998545394967 0.207574896865003 12 182 194 2308 2 cisCRDQTLs_hist_tcell_mean.txt 0 0 0 0
4 0.01 0.895895167707133 0.375214731328714 -0.10993187317914 0.123971980596482 -0.352916955148245 0.133053208789966 166 456 834 2308 3 cisCRDQTLs_methyl_mono_mean.txt 0 0 0 0
4 0.001 1.01343817492553 0.92201049295603 0.0133486834957477 0.136348071898308 -0.253893537424937 0.280590904416432 116 456 537 2308 3 cisCRDQTLs_methyl_mono_mean.txt 0 0 0 0
4 1e-04 1.03702183890963 0.808402299576013 0.0363529887263392 0.149916846333478 -0.257484030087277 0.330190007539955 89 456 405 2308 3 cisCRDQTLs_methyl_mono_mean.txt 0 0 0 0
4 1e-05 1.12683017068047 0.456796555486118 0.119408532203396 0.16046684547764 -0.195106484932778 0.43392354933957 74 456 326 2308 3 cisCRDQTLs_methyl_mono_mean.txt 0 0 0 0
4 5e-08 0.874563337389678 0.484430680972917 -0.134030560171141 0.19169289743837 -0.509748639150347 0.241687518808064 46 456 234 2308 3 cisCRDQTLs_methyl_mono_mean.txt 0 0 0 0
4 1e-09 0.840445796735185 0.408309774878222 -0.173822817522706 0.210217393667204 -0.585848909110426 0.238203274065013 35 456 194 2308 3 cisCRDQTLs_methyl_mono_mean.txt 0 0 0 0
5 0.01 0.963012283936351 0.755864757234592 -0.037689111360538 0.121219736070463 -0.275279794058645 0.199901571337569 184 479 834 2308 4 cisCRDQTLs_methyl_neut_mean.txt 0 0 0 0
5 0.001 1.04144531312562 0.761297175725461 0.0406094725396554 0.133681498826787 -0.221406265160848 0.302625210240159 123 479 537 2308 4 cisCRDQTLs_methyl_neut_mean.txt 0 0 0 0
5 1e-04 1.27972914932065 0.0853937604887225 0.246648453447399 0.143382521151427 -0.0343812880093983 0.527678194904197 103 479 405 2308 4 cisCRDQTLs_methyl_neut_mean.txt 0 0 0 0
5 1e-05 1.36970317137996 0.0403041987392029 0.314594053138858 0.153414293089913 0.0139020386826288 0.615286067595086 87 479 326 2308 4 cisCRDQTLs_methyl_neut_mean.txt 0 0 0 0
5 5e-08 1.16221096684906 0.398726961814786 0.150324196898173 0.178130975654045 -0.198812515383755 0.499460909180102 58 479 234 2308 4 cisCRDQTLs_methyl_neut_mean.txt 0 0 0 0
5 1e-09 1.05757498134314 0.77503885714395 0.0559785337680962 0.195872862941663 -0.327932277597562 0.439889345133755 46 479 194 2308 4 cisCRDQTLs_methyl_neut_mean.txt 0 0 0 0
6 0.01 0.755853514637086 0.0405517124992399 -0.279907685284774 0.136668030181772 -0.547777024441047 -0.0120383461285021 126 372 834 2308 5 cisCRDQTLs_methyl_tcell_mean.txt 0 0 0 0
6 0.001 0.700512579129393 0.0245547680520241 -0.355942956008144 0.158313946043273 -0.66623829025296 -0.045647621763328 79 372 537 2308 5 cisCRDQTLs_methyl_tcell_mean.txt 0 0 0 0
6 1e-04 0.716778286556351 0.0591538945313905 -0.332988709972825 0.176460133692312 -0.678850572009758 0.0128731520641069 61 372 405 2308 5 cisCRDQTLs_methyl_tcell_mean.txt 0 0 0 0
6 1e-05 0.728551419449283 0.0991620308876454 -0.316697073203146 0.192062200582037 -0.693138986343938 0.0597448399376457 47 372 326 2308 5 cisCRDQTLs_methyl_tcell_mean.txt 0 0 0 0
6 5e-08 0.648788554526448 0.0576308475946238 -0.432648417325367 0.227890153263627 -0.879313117722075 0.0140162830713413 31 372 234 2308 5 cisCRDQTLs_methyl_tcell_mean.txt 0 0 0 0
6 1e-09 0.513983747243823 0.0129000150867849 -0.665563634175104 0.267668970580575 -1.19019481651303 -0.140932451837176 22 372 194 2308 5 cisCRDQTLs_methyl_tcell_mean.txt 0 0 0 0
7 0.01 370033.338278564 0.968506557068818 12.8213483840169 324.74375232841 -623.676406179667 649.319102947701 1 1 834 2308 6 trans_aCRDQTLs_MON.txt 0 0 0 0
7 0.001 7.11625181765053e-06 0.970883722850677 -11.8531294012586 324.743763793476 -648.350906436471 624.644647633954 0 1 537 2308 6 trans_aCRDQTLs_MON.txt 0 0 0 0
7 1e-04 9.53377873431863e-06 0.971601821599349 -11.5606694095149 324.743776641727 -648.058471627299 624.937132808269 0 1 405 2308 6 trans_aCRDQTLs_MON.txt 0 0 0 0
7 1e-05 1.46653962782073e-05 0.972659269090638 -11.1300198338606 324.743794951886 -647.627857939557 625.367818271836 0 1 326 2308 6 trans_aCRDQTLs_MON.txt 0 0 0 0
7 5e-08 7.12998236921566e-06 0.982340455186944 -11.8512017963019 535.411243508036 -1061.25723907205 1037.55483547945 0 1 234 2308 6 trans_aCRDQTLs_MON.txt 0 0 0 0
7 1e-09 9.1928135304825e-06 0.982719051465794 -11.5970885171476 535.411257878743 -1061.00315395948 1037.80897692519 0 1 194 2308 6 trans_aCRDQTLs_MON.txt 0 0 0 0
8 0.01 3.8777429354761 0.246478726779805 1.35525326671102 1.16938561987483 -0.936742548243656 3.64724908166569 3 4 834 2308 7 trans_aCRDQTLs_NEU.txt 0 0 0 0
8 0.001 2.32350671147748 0.409424864476191 0.843077558059268 1.02202843317289 -1.1600981709596 2.84625328707814 2 4 537 2308 7 trans_aCRDQTLs_NEU.txt 0 0 0 0
8 1e-04 3.11989262484809 0.265145352535634 1.13779858611638 1.02107719082315 -0.863512707896987 3.13910988012976 2 4 405 2308 7 trans_aCRDQTLs_NEU.txt 0 0 0 0
8 1e-05 4.08704004259304 0.167477626684059 1.40782100208566 1.01989840174012 -0.591179865324972 3.40682186949629 2 4 326 2308 7 trans_aCRDQTLs_NEU.txt 0 0 0 0
8 5e-08 6.20440684866532 0.0744783646412876 1.82525982160792 1.02332073708183 -0.180448823072476 3.83096846628831 2 4 234 2308 7 trans_aCRDQTLs_NEU.txt 0 0 0 0
8 1e-09 7.87555493120857 0.0433141442110217 2.06376364968404 1.02132742565588 0.0619618953985155 4.06556540396956 2 4 194 2308 7 trans_aCRDQTLs_NEU.txt 0 0 0 0
9 0.01 0.667269209246213 0.00526715945439505 -0.404561702432665 0.14499255597661 -0.688747112146821 -0.120376292718509 0 0 834 2308 8 trans_aCRDQTLs_TCL.txt 0 0 0 0
9 0.001 0.772621408912492 0.120396427532609 -0.257966118918381 0.16609629707525 -0.583514861185872 0.0675826233491089 0 0 537 2308 8 trans_aCRDQTLs_TCL.txt 0 0 0 0
9 1e-04 0.845336588417072 0.364408899367077 -0.168020401449433 0.185249325080251 -0.531109078606725 0.195068275707859 0 0 405 2308 8 trans_aCRDQTLs_TCL.txt 0 0 0 0
9 1e-05 0.760911873758521 0.171328511271916 -0.273237731034411 0.199742849668509 -0.66473371638469 0.118258254315867 0 0 326 2308 8 trans_aCRDQTLs_TCL.txt 0 0 0 0
9 5e-08 0.638546722972958 0.0533609847683341 -0.448560430034934 0.232175575518523 -0.903624558051239 0.0065036979813714 0 0 234 2308 8 trans_aCRDQTLs_TCL.txt 0 0 0 0
9 1e-09 0.648686414100193 0.0858346109930854 -0.432805862253301 0.251954794842137 -0.926637260143889 0.0610255356372873 0 0 194 2308 8 trans_aCRDQTLs_TCL.txt 0 0 0 0
