ID PThresh OR Pvalue Beta SE CI95_lower CI95_upper NAnnotThesh NAnnot NThresh N linkID Annotation Celltype Tissue Type Category
1 0.01 1.15480289529724 0.199003347347484 0.143929675988505 0.11206018153009 -0.0757082798104715 0.363567631787482 269 772 772 2215 0 cisCRDQTLs_hist_mono_mean.txt 0 0 0 0
1 0.001 1.10779142835689 0.414662456408744 0.102368329050273 0.125495026047958 -0.143601922003724 0.34833858010427 182 772 522 2215 0 cisCRDQTLs_hist_mono_mean.txt 0 0 0 0
1 1e-04 1.271816058992 0.0814514478924497 0.240445846750535 0.13800280292437 -0.0300396469812301 0.510931340482299 138 772 373 2215 0 cisCRDQTLs_hist_mono_mean.txt 0 0 0 0
1 1e-05 1.09352600760174 0.556789558811555 0.0894073446668899 0.152152475458664 -0.208811507232091 0.387626196565871 103 772 293 2215 0 cisCRDQTLs_hist_mono_mean.txt 0 0 0 0
1 5e-08 1.24332485722822 0.219540991344066 0.217789127721655 0.177388885122671 -0.129893087118781 0.56547134256209 74 772 192 2215 0 cisCRDQTLs_hist_mono_mean.txt 0 0 0 0
1 1e-09 1.40110629294028 0.0843864996454599 0.337262133813326 0.195425599627709 -0.0457720414569832 0.720296309083635 59 772 148 2215 0 cisCRDQTLs_hist_mono_mean.txt 0 0 0 0
2 0.01 1.5220830167996 0.000331267165740952 0.420079802498379 0.117029000455394 0.190702961605806 0.649456643390951 250 597 772 2215 1 cisCRDQTLs_hist_neut_mean.txt 0 0 0 0
2 0.001 1.74401231975695 1.31833472262395e-05 0.556188389542656 0.127652821874741 0.305988858668163 0.806387920417149 185 597 522 2215 1 cisCRDQTLs_hist_neut_mean.txt 0 0 0 0
2 1e-04 2.09650907243855 9.95816623080897e-08 0.740273615040518 0.138953658142259 0.46792444508169 1.01262278499935 148 597 373 2215 1 cisCRDQTLs_hist_neut_mean.txt 0 0 0 0
2 1e-05 2.33112887340655 1.37355280184193e-08 0.84635264527206 0.149093588545845 0.554129211722203 1.13857607882192 123 597 293 2215 1 cisCRDQTLs_hist_neut_mean.txt 0 0 0 0
2 5e-08 2.68169521449561 1.31523089247274e-08 0.986449137274181 0.173546136885659 0.64629870897829 1.32659956557007 89 597 192 2215 1 cisCRDQTLs_hist_neut_mean.txt 0 0 0 0
2 1e-09 3.3790393773256 2.73012202569959e-10 1.21759146120838 0.192858997145944 0.839587826802326 1.59559509561443 77 597 148 2215 1 cisCRDQTLs_hist_neut_mean.txt 0 0 0 0
3 0.01 1.21047731781903 0.320561931570963 0.191014759359231 0.192302457168919 -0.185898056691849 0.567927575410311 69 169 772 2215 2 cisCRDQTLs_hist_tcell_mean.txt 0 0 0 0
3 0.001 1.18233955834365 0.428339969657448 0.167495152130924 0.211474295606186 -0.246994467257201 0.581984771519048 44 169 522 2215 2 cisCRDQTLs_hist_tcell_mean.txt 0 0 0 0
3 1e-04 1.06223842569208 0.798800674218494 0.060378403923368 0.23687135176664 -0.403889445539247 0.524646253385983 29 169 373 2215 2 cisCRDQTLs_hist_tcell_mean.txt 0 0 0 0
3 1e-05 0.936090704052509 0.805137878552124 -0.0660429011606264 0.267701770444123 -0.590738371231107 0.458652568909854 20 169 293 2215 2 cisCRDQTLs_hist_tcell_mean.txt 0 0 0 0
3 5e-08 0.454084230533053 0.0517570559610083 -0.789472568340828 0.405867414525563 -1.58497270081093 0.00602756412927496 8 169 192 2215 2 cisCRDQTLs_hist_tcell_mean.txt 0 0 0 0
3 1e-09 0.507152679890471 0.11974121437064 -0.67894317695745 0.436377862074232 -1.53424378662294 0.176357432708044 6 169 148 2215 2 cisCRDQTLs_hist_tcell_mean.txt 0 0 0 0
4 0.01 1.05452268271456 0.678073169786389 0.0530882311032222 0.127894512485911 -0.197585013369163 0.303761475575607 166 437 772 2215 3 cisCRDQTLs_methyl_mono_mean.txt 0 0 0 0
4 0.001 1.163246629126 0.279237626718917 0.151214913931419 0.139750672156704 -0.12269640349572 0.425126231358558 124 437 522 2215 3 cisCRDQTLs_methyl_mono_mean.txt 0 0 0 0
4 1e-04 1.14402763271478 0.382146483560897 0.134555047136851 0.153962274524257 -0.167211010930692 0.436321105204394 89 437 373 2215 3 cisCRDQTLs_methyl_mono_mean.txt 0 0 0 0
4 1e-05 1.06018861494921 0.730006188496505 0.0584468309261008 0.16935352423135 -0.273486076567346 0.390379738419548 67 437 293 2215 3 cisCRDQTLs_methyl_mono_mean.txt 0 0 0 0
4 5e-08 1.0334282614613 0.869725161401484 0.0328816845338606 0.200488786270589 -0.360076336556494 0.425839705624215 43 437 192 2215 3 cisCRDQTLs_methyl_mono_mean.txt 0 0 0 0
4 1e-09 0.885414991169429 0.599191221566012 -0.121698827305603 0.231558559558171 -0.575553604039617 0.332155949428412 31 437 148 2215 3 cisCRDQTLs_methyl_mono_mean.txt 0 0 0 0
5 0.01 1.12779154191117 0.325767144799528 0.120261332727396 0.122381524555512 -0.119606455401408 0.360129120856201 190 478 772 2215 4 cisCRDQTLs_methyl_neut_mean.txt 0 0 0 0
5 0.001 1.11118978428818 0.433370759146786 0.105431319010574 0.134575428825506 -0.158336521487417 0.369199159508566 136 478 522 2215 4 cisCRDQTLs_methyl_neut_mean.txt 0 0 0 0
5 1e-04 1.07164439498091 0.642193380872058 0.0691942865170962 0.148922044363392 -0.222692920435152 0.361081493469344 96 478 373 2215 4 cisCRDQTLs_methyl_neut_mean.txt 0 0 0 0
5 1e-05 1.13319360623843 0.437991951391802 0.125039846740186 0.161219300546561 -0.190949982331073 0.441029675811445 77 478 293 2215 4 cisCRDQTLs_methyl_neut_mean.txt 0 0 0 0
5 5e-08 1.11488158638819 0.567356507687941 0.1087481987237 0.190136172078814 -0.263918698550775 0.481415095998176 53 478 192 2215 4 cisCRDQTLs_methyl_neut_mean.txt 0 0 0 0
5 1e-09 1.25048181639658 0.283782685434315 0.223528930163504 0.208542927086593 -0.185215206926219 0.632273067253227 45 478 148 2215 4 cisCRDQTLs_methyl_neut_mean.txt 0 0 0 0
6 0.01 0.856795433764547 0.261865074008137 -0.154556089269257 0.137751285797517 -0.42454860943239 0.115436430893876 123 363 772 2215 5 cisCRDQTLs_methyl_tcell_mean.txt 0 0 0 0
6 0.001 0.949810639573091 0.734702554666445 -0.0514926410209374 0.151950925831474 -0.349316455650627 0.246331173608753 87 363 522 2215 5 cisCRDQTLs_methyl_tcell_mean.txt 0 0 0 0
6 1e-04 0.970321888586632 0.857888071581744 -0.0301274186289741 0.16825019015146 -0.359897791325835 0.299642954067887 65 363 373 2215 5 cisCRDQTLs_methyl_tcell_mean.txt 0 0 0 0
6 1e-05 1.0850551056718 0.650686000574926 0.0816307743403244 0.180276239654627 -0.271710655382744 0.434972204063393 53 363 293 2215 5 cisCRDQTLs_methyl_tcell_mean.txt 0 0 0 0
6 5e-08 0.90687306466248 0.658558578222451 -0.0977527894190375 0.221208134641314 -0.531320733316014 0.335815154477939 30 363 192 2215 5 cisCRDQTLs_methyl_tcell_mean.txt 0 0 0 0
6 1e-09 0.636658842051029 0.0990892822551497 -0.4515213366573 0.273767944785494 -0.988106508436867 0.085063835122268 17 363 148 2215 5 cisCRDQTLs_methyl_tcell_mean.txt 0 0 0 0
7 0.01 4.90265640828703e-06 0.969968875750529 -12.2257333756037 324.743757549299 -648.72349817223 624.272031421022 0 1 772 2215 6 trans_aCRDQTLs_MON.txt 0 0 0 0
7 0.001 9.85967252571172e-06 0.971684352274626 -11.5270576023037 324.743773817524 -648.02485428465 624.970739080042 0 1 522 2215 6 trans_aCRDQTLs_MON.txt 0 0 0 0
7 1e-04 1.44399071624814e-05 0.972621220535053 -11.1455148537113 324.743792596335 -647.643348342529 625.352318635106 0 1 373 2215 6 trans_aCRDQTLs_MON.txt 0 0 0 0
7 1e-05 2.07496349640571e-05 0.973511445959033 -10.7829819035359 324.743814186297 -647.280857708678 625.714893901606 0 1 293 2215 6 trans_aCRDQTLs_MON.txt 0 0 0 0
7 5e-08 1.39278815386899e-05 0.983338057623349 -11.1816178607981 535.411272598968 -1060.58771215478 1038.22447643318 0 1 192 2215 6 trans_aCRDQTLs_MON.txt 0 0 0 0
7 1e-09 2.28978718292383e-05 0.984078772650866 -10.6844665849437 535.411307385852 -1060.09062906121 1038.72169589133 0 1 148 2215 6 trans_aCRDQTLs_MON.txt 0 0 0 0
8 0.01 1.46031769109502 0.71565907813079 0.378654008689957 1.03949745390152 -1.65876100095703 2.41606901833694 2 4 772 2215 7 trans_aCRDQTLs_NEU.txt 0 0 0 0
8 0.001 2.61473967867788 0.363529786255064 0.961164543298768 1.05778274295416 -1.1120896328914 3.03441871948893 2 4 522 2215 7 trans_aCRDQTLs_NEU.txt 0 0 0 0
8 1e-04 4.10093540533824 0.182456365161815 1.41121509533202 1.05849342239734 -0.663432012566765 3.4858622032308 2 4 373 2215 7 trans_aCRDQTLs_NEU.txt 0 0 0 0
8 1e-05 5.60665057082001 0.102575252186475 1.72395349503191 1.05602375587415 -0.34585306648142 3.79376005654523 2 4 293 2215 7 trans_aCRDQTLs_NEU.txt 0 0 0 0
8 5e-08 10.8409350866457 0.025231978418032 2.38332925489679 1.06501680816069 0.295896310901825 4.47076219889175 2 4 192 2215 7 trans_aCRDQTLs_NEU.txt 0 0 0 0
8 1e-09 15.7070545227663 0.0106744029569991 2.75410994409484 1.07869752160985 0.639862801739543 4.86835708645014 2 4 148 2215 7 trans_aCRDQTLs_NEU.txt 0 0 0 0
9 0.01 0.687603027831156 0.0137081707996124 -0.374543602005599 0.151955699648095 -0.672376773315865 -0.0767104306953336 0 0 772 2215 8 trans_aCRDQTLs_TCL.txt 0 0 0 0
9 0.001 0.596187038252132 0.00296391880181568 -0.517200838578099 0.174056400570729 -0.858351383696728 -0.176050293459469 0 0 522 2215 8 trans_aCRDQTLs_TCL.txt 0 0 0 0
9 1e-04 0.531674046983162 0.00132525041502414 -0.631724671054617 0.196771075015719 -1.01739597808543 -0.246053364023808 0 0 373 2215 8 trans_aCRDQTLs_TCL.txt 0 0 0 0
9 1e-05 0.546997724619389 0.00524871310710076 -0.603310636313983 0.216135050031576 -1.02693533437587 -0.179685938252093 0 0 293 2215 8 trans_aCRDQTLs_TCL.txt 0 0 0 0
9 5e-08 0.606765034893259 0.0479730347812523 -0.499613655295106 0.252635433206144 -0.994779104379148 -0.00444820621106473 0 0 192 2215 8 trans_aCRDQTLs_TCL.txt 0 0 0 0
9 1e-09 0.446694721593433 0.00830373557081105 -0.805879867140189 0.305319568240603 -1.40430622089177 -0.207453513388608 0 0 148 2215 8 trans_aCRDQTLs_TCL.txt 0 0 0 0
