ID PThresh OR Pvalue Beta SE CI95_lower CI95_upper NAnnotThesh NAnnot NThresh N linkID Annotation Celltype Tissue Type Category
1 0.01 0.963552112769917 0.878862033822437 -0.0371287056470126 0.24360757847836 -0.514599559464599 0.440342148170574 33 277 114 915 0 cisCRDQTLs_hist_mono_mean.txt 0 0 0 0
1 0.001 0.732249137613286 0.352703382483227 -0.311634470996687 0.335322167613409 -0.968865919518968 0.345596977525594 15 277 60 915 0 cisCRDQTLs_hist_mono_mean.txt 0 0 0 0
1 1e-04 0.581755864064661 0.18873587778732 -0.541704396808148 0.412153155568676 -1.34952458172275 0.266115788106456 9 277 44 915 0 cisCRDQTLs_hist_mono_mean.txt 0 0 0 0
1 1e-05 0.365103921947497 0.0424758135808393 -1.00757324825965 0.496628227945217 -1.98096457503228 -0.0341819214870274 6 277 39 915 0 cisCRDQTLs_hist_mono_mean.txt 0 0 0 0
1 5e-08 0.444895643460183 0.149329858953115 -0.80991553339569 0.561699206288146 -1.91084597772046 0.291014910929077 5 277 28 915 0 cisCRDQTLs_hist_mono_mean.txt 0 0 0 0
1 1e-09 0.438047552754038 0.199772447866834 -0.82542780656717 0.643758943844526 -2.08719533650244 0.436339723368102 4 277 20 915 0 cisCRDQTLs_hist_mono_mean.txt 0 0 0 0
2 0.01 0.656518087893315 0.110187841823331 -0.420805033610739 0.263439564321349 -0.937146579680582 0.0955365124591041 27 258 114 915 1 cisCRDQTLs_hist_neut_mean.txt 0 0 0 0
2 0.001 0.627679350944786 0.188924591248301 -0.465725830575746 0.354496492855717 -1.16053895657295 0.229087295421459 13 258 60 915 1 cisCRDQTLs_hist_neut_mean.txt 0 0 0 0
2 1e-04 0.624184693235602 0.253144276250533 -0.4713089716576 0.412435643162909 -1.2796828322569 0.337064888941702 10 258 44 915 1 cisCRDQTLs_hist_neut_mean.txt 0 0 0 0
2 1e-05 0.607285989290734 0.255075887615486 -0.49875544683587 0.438232550191365 -1.35769124521095 0.360180351539206 8 258 39 915 1 cisCRDQTLs_hist_neut_mean.txt 0 0 0 0
2 5e-08 0.639897826139677 0.388924559844752 -0.446446762030057 0.518178574399235 -1.46207676785256 0.569183243792444 5 258 28 915 1 cisCRDQTLs_hist_neut_mean.txt 0 0 0 0
2 1e-09 0.742384183382852 0.608197381196961 -0.297888402447694 0.58107755303597 -1.4368004063982 0.841023601502808 4 258 20 915 1 cisCRDQTLs_hist_neut_mean.txt 0 0 0 0
3 0.01 1.48481703764585 0.22774820692296 0.395291557691571 0.327721943573149 -0.2470434517118 1.03762656709494 17 95 114 915 2 cisCRDQTLs_hist_tcell_mean.txt 0 0 0 0
3 0.001 1.32193560005919 0.520226314724263 0.279097026218109 0.434056777305423 -0.57165425730052 1.12984830973674 8 95 60 915 2 cisCRDQTLs_hist_tcell_mean.txt 0 0 0 0
3 1e-04 1.53606721473093 0.364923149249608 0.42922539335851 0.473746162503165 -0.499317085147693 1.35776787186471 7 95 44 915 2 cisCRDQTLs_hist_tcell_mean.txt 0 0 0 0
3 1e-05 1.70756546281397 0.265054579174406 0.53506865012555 0.48008727494611 -0.405902408768826 1.47603970901993 7 95 39 915 2 cisCRDQTLs_hist_tcell_mean.txt 0 0 0 0
3 5e-08 1.09268006042477 0.891220116604271 0.0886334494412169 0.648092523867251 -1.1816278973386 1.35889479622103 4 95 28 915 2 cisCRDQTLs_hist_tcell_mean.txt 0 0 0 0
3 1e-09 0.962244265898463 0.960539602432337 -0.038486945891934 0.777884104124052 -1.56313978997508 1.48616589819121 2 95 20 915 2 cisCRDQTLs_hist_tcell_mean.txt 0 0 0 0
4 0.01 1.20053144455619 0.466595802694407 0.182764329219269 0.251039884795629 -0.309273844980163 0.674802503418702 29 220 114 915 3 cisCRDQTLs_methyl_mono_mean.txt 0 0 0 0
4 0.001 1.33614297694906 0.36973845496405 0.289787088062807 0.323075715985478 -0.343441315268731 0.923015491394345 16 220 60 915 3 cisCRDQTLs_methyl_mono_mean.txt 0 0 0 0
4 1e-04 1.38103812044943 0.385647133837809 0.322835477557724 0.37212821154071 -0.406535817062068 1.05220677217751 12 220 44 915 3 cisCRDQTLs_methyl_mono_mean.txt 0 0 0 0
4 1e-05 1.45784808365401 0.333308197739696 0.3769614331331 0.389635549523366 -0.386724243932697 1.1406471101989 11 220 39 915 3 cisCRDQTLs_methyl_mono_mean.txt 0 0 0 0
4 5e-08 1.41774910025855 0.445806239704065 0.349070473285491 0.4578422243714 -0.548300286482453 1.24644123305344 8 220 28 915 3 cisCRDQTLs_methyl_mono_mean.txt 0 0 0 0
4 1e-09 1.69428661587487 0.293854740980941 0.527261776649375 0.502296210303053 -0.457238795544609 1.51176234884336 7 220 20 915 3 cisCRDQTLs_methyl_mono_mean.txt 0 0 0 0
5 0.01 0.993766463357205 0.980265421892272 -0.00625304625049275 0.252789813070881 -0.50172107986942 0.489214987368435 28 230 114 915 4 cisCRDQTLs_methyl_neut_mean.txt 0 0 0 0
5 0.001 1.005167443213 0.987534395946205 0.00515413779529636 0.329886915037974 -0.641424215679134 0.651732491269726 14 230 60 915 4 cisCRDQTLs_methyl_neut_mean.txt 0 0 0 0
5 1e-04 0.844826963545791 0.671437011984232 -0.168623449463495 0.397531222633767 -0.947784645825678 0.610537746898688 9 230 44 915 4 cisCRDQTLs_methyl_neut_mean.txt 0 0 0 0
5 1e-05 0.984214069759127 0.968662441310785 -0.0159118550223589 0.40502703435419 -0.80976484235657 0.777941132311852 9 230 39 915 4 cisCRDQTLs_methyl_neut_mean.txt 0 0 0 0
5 5e-08 1.34471930425285 0.51178836415439 0.29618529555103 0.451463724923995 -0.588683605300001 1.18105419640206 8 230 28 915 4 cisCRDQTLs_methyl_neut_mean.txt 0 0 0 0
5 1e-09 1.69987935795616 0.286987597379579 0.530557282635828 0.498291292603707 -0.446093650867437 1.50720821613909 7 230 20 915 4 cisCRDQTLs_methyl_neut_mean.txt 0 0 0 0
6 0.01 1.2151384049411 0.440186395402384 0.194857983836631 0.252446447385376 -0.299937053038706 0.689653020711968 30 204 114 915 5 cisCRDQTLs_methyl_tcell_mean.txt 0 0 0 0
6 0.001 1.39718709719149 0.295363104253891 0.33446099914658 0.319621364513885 -0.291996875300635 0.960918873593795 18 204 60 915 5 cisCRDQTLs_methyl_tcell_mean.txt 0 0 0 0
6 1e-04 1.67997500961637 0.150001743349304 0.51877891807618 0.360381935172225 -0.18756967486138 1.22512751101374 15 204 44 915 5 cisCRDQTLs_methyl_tcell_mean.txt 0 0 0 0
6 1e-05 2.03294200881424 0.0554269998826554 0.709484009307854 0.370388340281004 -0.0164771376429145 1.43544515625862 15 204 39 915 5 cisCRDQTLs_methyl_tcell_mean.txt 0 0 0 0
6 5e-08 1.49978827247006 0.370812146725254 0.405323946458701 0.452899638640834 -0.482359345277334 1.29300723819474 9 204 28 915 5 cisCRDQTLs_methyl_tcell_mean.txt 0 0 0 0
6 1e-09 1.40748227041237 0.510051111948579 0.341802484442507 0.518858864993842 -0.675160890945424 1.35876585983044 6 204 20 915 5 cisCRDQTLs_methyl_tcell_mean.txt 0 0 0 0
7 0.01 1.3120347702252 0.432432868043235 0.271579191866769 0.345945194418502 -0.406473389193495 0.949631772927032 0 0 114 915 6 trans_aCRDQTLs_MON.txt 0 0 0 0
7 0.001 1.40578373880006 0.450151612554092 0.340594968471298 0.451022215156438 -0.54340857323532 1.22459851017792 0 0 60 915 6 trans_aCRDQTLs_MON.txt 0 0 0 0
7 1e-04 1.82585164754652 0.292460418945136 0.602046534374194 0.571885597732413 -0.518849237181335 1.72294230592972 0 0 44 915 6 trans_aCRDQTLs_MON.txt 0 0 0 0
7 1e-05 2.04907757348772 0.251525311988413 0.717389727733737 0.625638362465341 -0.508861462698332 1.9436409181658 0 0 39 915 6 trans_aCRDQTLs_MON.txt 0 0 0 0
7 5e-08 0.702605355641722 0.650009785491017 -0.352959916575246 0.777875501250276 -1.87759589902579 1.17167606587529 0 0 28 915 6 trans_aCRDQTLs_MON.txt 0 0 0 0
7 1e-09 0.238940352918053 0.20413716764319 -1.43154132757878 1.12732880556966 -3.6411057864953 0.778023131337747 0 0 20 915 6 trans_aCRDQTLs_MON.txt 0 0 0 0
8 0.01 2459827.67924683 0.978073167471702 14.7156018563683 535.411278693518 -1034.69050438293 1064.12170809566 1 1 114 915 7 trans_aCRDQTLs_NEU.txt 0 0 0 0
8 0.001 15763941.7826152 0.985020844427071 16.573235724231 882.743491482533 -1713.60400758153 1746.75047903 1 1 60 915 7 trans_aCRDQTLs_NEU.txt 0 0 0 0
8 1e-04 34788776.5353159 0.984305502604743 17.3648053793731 882.743565767764 -1712.81258352544 1747.54219428419 1 1 44 915 7 trans_aCRDQTLs_NEU.txt 0 0 0 0
8 1e-05 31145923.1203885 0.984405461743187 17.2541939156721 882.743570436025 -1712.92320413894 1747.43159197028 1 1 39 915 7 trans_aCRDQTLs_NEU.txt 0 0 0 0
8 5e-08 30692882.102204 0.984418703926595 17.2395413323269 882.743609809544 -1712.93793389438 1747.41701655903 1 1 28 915 7 trans_aCRDQTLs_NEU.txt 0 0 0 0
8 1e-09 160233623.362326 0.989643156839921 18.892143454236 1455.3977539304 -2833.68745424934 2871.47174115782 1 1 20 915 7 trans_aCRDQTLs_NEU.txt 0 0 0 0
9 0.01 1.3120347702252 0.432432868043235 0.271579191866769 0.345945194418502 -0.406473389193495 0.949631772927032 0 0 114 915 8 trans_aCRDQTLs_TCL.txt 0 0 0 0
9 0.001 1.40578373880006 0.450151612554092 0.340594968471298 0.451022215156438 -0.54340857323532 1.22459851017792 0 0 60 915 8 trans_aCRDQTLs_TCL.txt 0 0 0 0
9 1e-04 1.82585164754652 0.292460418945136 0.602046534374194 0.571885597732413 -0.518849237181335 1.72294230592972 0 0 44 915 8 trans_aCRDQTLs_TCL.txt 0 0 0 0
9 1e-05 2.04907757348772 0.251525311988413 0.717389727733737 0.625638362465341 -0.508861462698332 1.9436409181658 0 0 39 915 8 trans_aCRDQTLs_TCL.txt 0 0 0 0
9 5e-08 0.702605355641722 0.650009785491017 -0.352959916575246 0.777875501250276 -1.87759589902579 1.17167606587529 0 0 28 915 8 trans_aCRDQTLs_TCL.txt 0 0 0 0
9 1e-09 0.238940352918053 0.20413716764319 -1.43154132757878 1.12732880556966 -3.6411057864953 0.778023131337747 0 0 20 915 8 trans_aCRDQTLs_TCL.txt 0 0 0 0
